#
# A fatal error has been detected by the Java Runtime Environment:
#
#  SIGSEGV (0xb) at pc=0xb76d24a8, pid=7920, tid=1687542592
#
# JRE version: Java(TM) SE Runtime Environment (8.0_66-b17) (build 1.8.0_66-b17)
# Java VM: Java HotSpot(TM) Server VM (25.66-b17 mixed mode linux-x86 )
# Problematic frame:
# C  [libc.so.6+0x1aa4a8]
#
# Failed to write core dump. Core dumps have been disabled. To enable core dumping, try "ulimit -c unlimited" before starting Java again
#
# If you would like to submit a bug report, please visit:
#   http://bugreport.java.com/bugreport/crash.jsp
#

---------------  T H R E A D  ---------------

Current thread (0x64a3a400):  JavaThread "JDWP Transport Listener: dt_socket" daemon [_thread_in_vm, id=7935, stack(0x6490d000,0x6495e000)]

siginfo: si_signo: 11 (SIGSEGV), si_code: 2 (SEGV_ACCERR), si_addr: 0xb76d24a8

Registers:
EAX=0xb76d24a8, EBX=0xb76d24b0, ECX=0x00000000, EDX=0xb6502418
ESP=0x6495cc4c, EBP=0x6495cc68, ESI=0x6495cc8c, EDI=0xb76d24b8
EIP=0xb76d24a8, EFLAGS=0x00010212, CR2=0xb76d24a8

Top of Stack: (sp=0x6495cc4c)
0x6495cc4c:   b6dfedbc b76d24b0 64a39ef0 00000000
0x6495cc5c:   b70e522c 6495cc8c b70e522c 6495cca8
0x6495cc6c:   b6cb8c6c b76d24b8 64a3a400 64a3a400
0x6495cc7c:   64a3a400 b70e522c 64a3a400 00000063
0x6495cc8c:   64a3a400 00000000 00000000 00000000
0x6495cc9c:   b664f170 b664fac0 6495cd0b 6495ccc8
0x6495ccac:   b6640718 b6502418 b76d24b8 6495cd0b
0x6495ccbc:   b664f170 b76d24b8 00000000 6495cd18 

Instructions: (pc=0xb76d24a8)
0xb76d2488:   80 24 6d b7 80 24 6d b7 88 24 6d b7 88 24 6d b7
0xb76d2498:   90 24 6d b7 90 24 6d b7 98 24 6d b7 98 24 6d b7
0xb76d24a8:   a0 24 6d b7 a0 24 6d b7 a8 24 6d b7 a8 24 6d b7
0xb76d24b8:   b0 24 6d b7 b0 24 6d b7 b8 24 6d b7 b8 24 6d b7 

Register to memory mapping:

EAX=0xb76d24a8: <offset 0x1aa4a8> in /lib/i386-linux-gnu/libc.so.6 at 0xb7528000
EBX=0xb76d24b0: <offset 0x1aa4b0> in /lib/i386-linux-gnu/libc.so.6 at 0xb7528000
ECX=0x00000000 is an unknown value
EDX=0xb6502418 is an unknown value
ESP=0x6495cc4c is pointing into the stack for thread: 0x64a3a400
EBP=0x6495cc68 is pointing into the stack for thread: 0x64a3a400
ESI=0x6495cc8c is pointing into the stack for thread: 0x64a3a400
EDI=0xb76d24b8: <offset 0x1aa4b8> in /lib/i386-linux-gnu/libc.so.6 at 0xb7528000


Stack: [0x6490d000,0x6495e000],  sp=0x6495cc4c,  free space=319k
Native frames: (J=compiled Java code, j=interpreted, Vv=VM code, C=native code)
C  [libc.so.6+0x1aa4a8]
V  [libjvm.so+0x5a3c6c]  jvmti_IsMethodSynthetic+0x29c
C  [libjdwp.so+0x28718]  isMethodSynthetic+0x48
C  [libjdwp.so+0x67ca]  methods1+0x1ba
C  [libjdwp.so+0x128f3]  debugLoop_run+0x303
C  [libjdwp.so+0x274df]  connectionInitiated+0xbf
C  [libjdwp.so+0x27520]  attachThread+0x30
V  [libjvm.so+0x605ec1]  JvmtiAgentThread::call_start_function()+0xc1
V  [libjvm.so+0x880b89]  JavaThread::thread_main_inner()+0x109
V  [libjvm.so+0x880d0b]  JavaThread::run()+0x14b
V  [libjvm.so+0x753519]  java_start(Thread*)+0x119
C  [libpthread.so.0+0x6f70]  start_thread+0xd0
C  [libc.so.6+0xebbee]  clone+0x5e


---------------  P R O C E S S  ---------------

Java Threads: ( => current thread )
  0x64a81400 JavaThread "Service Thread" daemon [_thread_blocked, id=7945, stack(0x64718000,0x64769000)]
  0x64a41000 JavaThread "C1 CompilerThread1" daemon [_thread_blocked, id=7944, stack(0x64769000,0x647ea000)]
  0x64a3f400 JavaThread "C2 CompilerThread0" daemon [_thread_blocked, id=7943, stack(0x647ea000,0x6486b000)]
  0x08e4ec00 JavaThread "JDWP Command Reader" daemon [_thread_in_native, id=7939, stack(0x6486b000,0x648bc000)]
  0x64a3d800 JavaThread "JDWP Event Helper Thread" daemon [_thread_blocked, id=7938, stack(0x648bc000,0x6490d000)]
=>0x64a3a400 JavaThread "JDWP Transport Listener: dt_socket" daemon [_thread_in_vm, id=7935, stack(0x6490d000,0x6495e000)]
  0x64a31c00 JavaThread "Signal Dispatcher" daemon [_thread_blocked, id=7933, stack(0x6495e000,0x649af000)]
  0x64a15400 JavaThread "Finalizer" daemon [_thread_blocked, id=7932, stack(0x649af000,0x64a00000)]
  0x64a13c00 JavaThread "Reference Handler" daemon [_thread_blocked, id=7931, stack(0x64b08000,0x64b59000)]
  0xb6508c00 JavaThread "main" [_thread_blocked, id=7922, stack(0xb667e000,0xb66cf000)]

Other Threads:
  0x64a10c00 VMThread [stack: 0x67624000,0x676a5000] [id=7930]
  0x64a83400 WatcherThread [stack: 0x64697000,0x64718000] [id=7946]

VM state:not at safepoint (normal execution)

VM Mutex/Monitor currently owned by a thread: None

Heap:
 PSYoungGen      total 19200K, used 4017K [0x91d80000, 0x932c0000, 0xa6e00000)
  eden space 16640K, 24% used [0x91d80000,0x9216c4e8,0x92dc0000)
  from space 2560K, 0% used [0x93040000,0x93040000,0x932c0000)
  to   space 2560K, 0% used [0x92dc0000,0x92dc0000,0x93040000)
 ParOldGen       total 43776K, used 0K [0x67c00000, 0x6a6c0000, 0x91d80000)
  object space 43776K, 0% used [0x67c00000,0x67c00000,0x6a6c0000)
 Metaspace       used 3265K, capacity 3469K, committed 3480K, reserved 4400K

Card table byte_map: [0x67a06000,0x67c00000] byte_map_base: 0x676c8000

Marking Bits: (ParMarkBitMap*) 0xb7113380
 Begin Bits: [0x65570000, 0x66538000)
 End Bits:   [0x66538000, 0x67500000)

Polling page: 0xb7716000

CodeCache: size=245760Kb used=1142Kb max_used=1148Kb free=244617Kb
 bounds [0xa72ab000, 0xa74eb000, 0xb62ab000]
 total_blobs=447 nmethods=295 adapters=76
 compilation: enabled

Compilation events (10 events):
Event: 184,979 Thread 0x64a3f400  291       4       java.lang.AbstractStringBuilder::ensureCapacityInternal (16 bytes)
Event: 184,983 Thread 0x64a3f400 nmethod 291 0xa73c9dc8 code [0xa73c9ee0, 0xa73ca0f0]
Event: 187,738 Thread 0x64a41000  292       3       java.util.ArrayList$Itr::next (66 bytes)
Event: 187,739 Thread 0x64a41000 nmethod 292 0xa73c9608 code [0xa73c9780, 0xa73c9b04]
Event: 187,739 Thread 0x64a41000  293       3       java.util.ArrayList$Itr::checkForComodification (23 bytes)
Event: 187,740 Thread 0x64a41000 nmethod 293 0xa73c9288 code [0xa73c93c0, 0xa73c952c]
Event: 188,261 Thread 0x64a41000  294       3       java.lang.String::valueOf (14 bytes)
Event: 188,261 Thread 0x64a41000 nmethod 294 0xa73c8f48 code [0xa73c9060, 0xa73c91ec]
Event: 188,261 Thread 0x64a41000  295       3       java.lang.StringBuilder::append (9 bytes)
Event: 188,262 Thread 0x64a41000 nmethod 295 0xa73c89c8 code [0xa73c8b00, 0xa73c8dd8]

GC Heap History (0 events):
No events

Deoptimization events (1 events):
Event: 0,329 Thread 0xb6508c00 Uncommon trap: reason=null_check action=make_not_entrant pc=0xa738fd98 method=java.lang.String.equals(Ljava/lang/Object;)Z @ 8

Internal exceptions (10 events):
Event: 0,039 Thread 0xb6508c00 Exception <a 'java/lang/NoSuchMethodError': Method sun.misc.Unsafe.defineClass(Ljava/lang/String;[BII)Ljava/lang/Class; name or signature does not match> (0x91d90540) thrown at [/HUDSON/workspace/8-2-build-linux-i586/jdk8u66/4988/hotspot/src/share/vm/prim
Event: 0,039 Thread 0xb6508c00 Exception <a 'java/lang/NoSuchMethodError': Method sun.misc.Unsafe.prefetchRead(Ljava/lang/Object;J)V name or signature does not match> (0x91d90810) thrown at [/HUDSON/workspace/8-2-build-linux-i586/jdk8u66/4988/hotspot/src/share/vm/prims/jni.cpp, line 39
Event: 0,278 Thread 0xb6508c00 Exception <a 'java/lang/NoSuchFieldError': method resolution failed> (0x91f9bc48) thrown at [/HUDSON/workspace/8-2-build-linux-i586/jdk8u66/4988/hotspot/src/share/vm/prims/methodHandles.cpp, line 1146]
Event: 0,286 Thread 0xb6508c00 Exception <a 'java/lang/NoSuchFieldError': method resolution failed> (0x91fa7e08) thrown at [/HUDSON/workspace/8-2-build-linux-i586/jdk8u66/4988/hotspot/src/share/vm/prims/methodHandles.cpp, line 1146]
Event: 0,329 Thread 0xb6508c00 Implicit null exception at 0xa738fb4e to 0xa738fd89
Event: 30,581 Thread 0xb6508c00 Exception <a 'java/lang/NoSuchMethodError': java.lang.Object.lambda$identity$9(Ljava/lang/Object;)Ljava/lang/Object;> (0x920abf80) thrown at [/HUDSON/workspace/8-2-build-linux-i586/jdk8u66/4988/hotspot/src/share/vm/interpreter/linkResolver.cpp, line 582]
Event: 30,625 Thread 0xb6508c00 Exception <a 'java/security/PrivilegedActionException'> (0x920cf168) thrown at [/HUDSON/workspace/8-2-build-linux-i586/jdk8u66/4988/hotspot/src/share/vm/prims/jvm.cpp, line 1386]
Event: 30,625 Thread 0xb6508c00 Exception <a 'java/security/PrivilegedActionException'> (0x920cf548) thrown at [/HUDSON/workspace/8-2-build-linux-i586/jdk8u66/4988/hotspot/src/share/vm/prims/jvm.cpp, line 1386]
Event: 30,627 Thread 0xb6508c00 Exception <a 'java/security/PrivilegedActionException'> (0x920d1ae8) thrown at [/HUDSON/workspace/8-2-build-linux-i586/jdk8u66/4988/hotspot/src/share/vm/prims/jvm.cpp, line 1386]
Event: 30,627 Thread 0xb6508c00 Exception <a 'java/security/PrivilegedActionException'> (0x920d1ec8) thrown at [/HUDSON/workspace/8-2-build-linux-i586/jdk8u66/4988/hotspot/src/share/vm/prims/jvm.cpp, line 1386]

Events (10 events):
Event: 186,649 Executing VM operation: GetOrSetLocal
Event: 186,649 Executing VM operation: GetOrSetLocal done
Event: 186,654 Executing VM operation: GetOrSetLocal
Event: 186,654 Executing VM operation: GetOrSetLocal done
Event: 186,654 Executing VM operation: GetOrSetLocal
Event: 186,654 Executing VM operation: GetOrSetLocal done
Event: 187,730 Executing VM operation: GetOrSetLocal
Event: 187,730 Executing VM operation: GetOrSetLocal done
Event: 558,684 Executing VM operation: RedefineClasses
Event: 558,686 Executing VM operation: RedefineClasses done


Dynamic libraries:
08048000-08049000 r-xp 00000000 08:05 7615839    /usr/lib/jvm/java-8-oracle/bin/java
08049000-0804a000 rw-p 00000000 08:05 7615839    /usr/lib/jvm/java-8-oracle/bin/java
08e4d000-08f03000 rw-p 00000000 00:00 0          [heap]
642af000-64500000 rw-p 00000000 00:00 0 
64500000-64599000 rw-p 00000000 00:00 0 
64599000-64600000 ---p 00000000 00:00 0 
64697000-64698000 ---p 00000000 00:00 0 
64698000-64718000 rw-p 00000000 00:00 0          [stack:7946]
64718000-6471b000 ---p 00000000 00:00 0 
6471b000-64769000 rw-p 00000000 00:00 0          [stack:7945]
64769000-6476c000 ---p 00000000 00:00 0 
6476c000-647ea000 rw-p 00000000 00:00 0          [stack:7944]
647ea000-647ed000 ---p 00000000 00:00 0 
647ed000-6486b000 rw-p 00000000 00:00 0          [stack:7943]
6486b000-6486e000 ---p 00000000 00:00 0 
6486e000-648bc000 rw-p 00000000 00:00 0          [stack:7939]
648bc000-648bf000 ---p 00000000 00:00 0 
648bf000-6490d000 rw-p 00000000 00:00 0          [stack:7938]
6490d000-64910000 ---p 00000000 00:00 0 
64910000-6495e000 rw-p 00000000 00:00 0          [stack:7935]
6495e000-64961000 ---p 00000000 00:00 0 
64961000-649af000 rw-p 00000000 00:00 0          [stack:7933]
649af000-649b2000 ---p 00000000 00:00 0 
649b2000-64a00000 rw-p 00000000 00:00 0          [stack:7932]
64a00000-64af7000 rw-p 00000000 00:00 0 
64af7000-64b00000 ---p 00000000 00:00 0 
64b08000-64b0b000 ---p 00000000 00:00 0 
64b0b000-64b59000 rw-p 00000000 00:00 0          [stack:7931]
64b59000-64d32000 r--s 03d20000 08:05 7620792    /usr/lib/jvm/java-8-oracle/jre/lib/rt.jar
64d32000-65098000 rw-p 00000000 00:00 0 
65098000-6517e000 ---p 00000000 00:00 0 
6517e000-67500000 rw-p 00000000 00:00 0 
67500000-67521000 rw-p 00000000 00:00 0 
67521000-67600000 ---p 00000000 00:00 0 
67608000-67624000 r--s 00393000 08:05 7891792    /usr/lib/jvm/java-8-oracle/jre/lib/ext/cldrdata.jar
67624000-67625000 ---p 00000000 00:00 0 
67625000-67700000 rw-p 00000000 00:00 0          [stack:7930]
67700000-67721000 rw-p 00000000 00:00 0 
67721000-67800000 ---p 00000000 00:00 0 
67809000-67834000 r--s 001fc000 08:05 7350677    /home/douihech/.m2/repository/com/google/guava/guava/18.0/guava-18.0.jar
67834000-67835000 ---p 00000000 00:00 0 
67835000-678cb000 rw-p 00000000 00:00 0          [stack:7927]
678cb000-67a06000 ---p 00000000 00:00 0 
67a06000-67a1c000 rw-p 00000000 00:00 0 
67a1c000-67b56000 ---p 00000000 00:00 0 
67b56000-67b62000 rw-p 00000000 00:00 0 
67b62000-67bff000 ---p 00000000 00:00 0 
67bff000-6a6c0000 rw-p 00000000 00:00 0 
6a6c0000-91d80000 ---p 00000000 00:00 0 
91d80000-932c0000 rw-p 00000000 00:00 0 
932c0000-a6e00000 ---p 00000000 00:00 0 
a6e03000-a6e6a000 rw-p 00000000 00:00 0 
a6e6a000-a6e6b000 ---p 00000000 00:00 0 
a6e6b000-a6ef4000 rw-p 00000000 00:00 0          [stack:7925]
a6ef4000-a72ab000 ---p 00000000 00:00 0 
a72ab000-a74eb000 rwxp 00000000 00:00 0 
a74eb000-b62ab000 ---p 00000000 00:00 0 
b62ab000-b62c4000 r-xp 00000000 08:05 7891054    /usr/lib/jvm/java-8-oracle/jre/lib/i386/libzip.so
b62c4000-b62c5000 rw-p 00019000 08:05 7891054    /usr/lib/jvm/java-8-oracle/jre/lib/i386/libzip.so
b62c5000-b62d0000 r-xp 00000000 08:05 2107454    /lib/i386-linux-gnu/libnss_files-2.19.so
b62d0000-b62d1000 r--p 0000a000 08:05 2107454    /lib/i386-linux-gnu/libnss_files-2.19.so
b62d1000-b62d2000 rw-p 0000b000 08:05 2107454    /lib/i386-linux-gnu/libnss_files-2.19.so
b62d2000-b62dc000 r-xp 00000000 08:05 2107440    /lib/i386-linux-gnu/libnss_nis-2.19.so
b62dc000-b62dd000 r--p 00009000 08:05 2107440    /lib/i386-linux-gnu/libnss_nis-2.19.so
b62dd000-b62de000 rw-p 0000a000 08:05 2107440    /lib/i386-linux-gnu/libnss_nis-2.19.so
b62de000-b62f3000 r-xp 00000000 08:05 2107441    /lib/i386-linux-gnu/libnsl-2.19.so
b62f3000-b62f4000 r--p 00015000 08:05 2107441    /lib/i386-linux-gnu/libnsl-2.19.so
b62f4000-b62f5000 rw-p 00016000 08:05 2107441    /lib/i386-linux-gnu/libnsl-2.19.so
b62f5000-b62f7000 rw-p 00000000 00:00 0 
b62f7000-b62fe000 r-xp 00000000 08:05 2107446    /lib/i386-linux-gnu/libnss_compat-2.19.so
b62fe000-b62ff000 r--p 00006000 08:05 2107446    /lib/i386-linux-gnu/libnss_compat-2.19.so
b62ff000-b6300000 rw-p 00007000 08:05 2107446    /lib/i386-linux-gnu/libnss_compat-2.19.so
b6300000-b6500000 r--p 00000000 08:05 7479508    /usr/lib/locale/locale-archive
b6500000-b65fa000 rw-p 00000000 00:00 0 
b65fa000-b6600000 ---p 00000000 00:00 0 
b6602000-b6606000 rw-p 00000000 00:00 0 
b6606000-b6610000 r--s 00116000 08:05 7891797    /usr/lib/jvm/java-8-oracle/jre/lib/ext/localedata.jar
b6610000-b6618000 rw-s 00000000 08:05 540198     /tmp/hsperfdata_douihech/7920
b6618000-b664f000 r-xp 00000000 08:05 7891034    /usr/lib/jvm/java-8-oracle/jre/lib/i386/libjdwp.so
b664f000-b6650000 rw-p 00037000 08:05 7891034    /usr/lib/jvm/java-8-oracle/jre/lib/i386/libjdwp.so
b6650000-b6674000 r-xp 00000000 08:05 7891764    /usr/lib/jvm/java-8-oracle/jre/lib/i386/libjava.so
b6674000-b6675000 rw-p 00023000 08:05 7891764    /usr/lib/jvm/java-8-oracle/jre/lib/i386/libjava.so
b6675000-b667c000 r-xp 00000000 08:05 2107455    /lib/i386-linux-gnu/librt-2.19.so
b667c000-b667d000 r--p 00006000 08:05 2107455    /lib/i386-linux-gnu/librt-2.19.so
b667d000-b667e000 rw-p 00007000 08:05 2107455    /lib/i386-linux-gnu/librt-2.19.so
b667e000-b6681000 ---p 00000000 00:00 0 
b6681000-b66cf000 rw-p 00000000 00:00 0          [stack:7922]
b66cf000-b6713000 r-xp 00000000 08:05 2107445    /lib/i386-linux-gnu/libm-2.19.so
b6713000-b6714000 r--p 00043000 08:05 2107445    /lib/i386-linux-gnu/libm-2.19.so
b6714000-b6715000 rw-p 00044000 08:05 2107445    /lib/i386-linux-gnu/libm-2.19.so
b6715000-b7095000 r-xp 00000000 08:05 7891047    /usr/lib/jvm/java-8-oracle/jre/lib/i386/server/libjvm.so
b7095000-b7102000 rw-p 00980000 08:05 7891047    /usr/lib/jvm/java-8-oracle/jre/lib/i386/server/libjvm.so
b7102000-b7528000 rw-p 00000000 00:00 0 
b7528000-b76d0000 r-xp 00000000 08:05 2107437    /lib/i386-linux-gnu/libc-2.19.so
b76d0000-b76d2000 r--p 001a8000 08:05 2107437    /lib/i386-linux-gnu/libc-2.19.so
b76d2000-b76d3000 rw-p 001aa000 08:05 2107437    /lib/i386-linux-gnu/libc-2.19.so
b76d3000-b76d6000 rw-p 00000000 00:00 0 
b76d6000-b76d9000 r-xp 00000000 08:05 2107438    /lib/i386-linux-gnu/libdl-2.19.so
b76d9000-b76da000 r--p 00002000 08:05 2107438    /lib/i386-linux-gnu/libdl-2.19.so
b76da000-b76db000 rw-p 00003000 08:05 2107438    /lib/i386-linux-gnu/libdl-2.19.so
b76db000-b76ef000 r-xp 00000000 08:05 8011568    /usr/lib/jvm/java-8-oracle/lib/i386/jli/libjli.so
b76ef000-b76f0000 rw-p 00014000 08:05 8011568    /usr/lib/jvm/java-8-oracle/lib/i386/jli/libjli.so
b76f0000-b7708000 r-xp 00000000 08:05 2107450    /lib/i386-linux-gnu/libpthread-2.19.so
b7708000-b7709000 r--p 00018000 08:05 2107450    /lib/i386-linux-gnu/libpthread-2.19.so
b7709000-b770a000 rw-p 00019000 08:05 2107450    /lib/i386-linux-gnu/libpthread-2.19.so
b770a000-b770d000 rw-p 00000000 00:00 0 
b770d000-b7710000 r-xp 00000000 08:05 7891052    /usr/lib/jvm/java-8-oracle/jre/lib/i386/libdt_socket.so
b7710000-b7711000 rw-p 00003000 08:05 7891052    /usr/lib/jvm/java-8-oracle/jre/lib/i386/libdt_socket.so
b7711000-b7712000 r--p 00859000 08:05 7479508    /usr/lib/locale/locale-archive
b7712000-b7714000 r-xp 00000000 08:05 7891037    /usr/lib/jvm/java-8-oracle/jre/lib/i386/libnpt.so
b7714000-b7715000 rw-p 00001000 08:05 7891037    /usr/lib/jvm/java-8-oracle/jre/lib/i386/libnpt.so
b7715000-b7716000 rw-p 00000000 00:00 0 
b7716000-b7717000 r--p 00000000 00:00 0 
b7717000-b7722000 r-xp 00000000 08:05 7891780    /usr/lib/jvm/java-8-oracle/jre/lib/i386/libverify.so
b7722000-b7723000 rw-p 0000b000 08:05 7891780    /usr/lib/jvm/java-8-oracle/jre/lib/i386/libverify.so
b7723000-b7725000 rw-p 00000000 00:00 0 
b7725000-b7726000 r-xp 00000000 00:00 0          [vdso]
b7726000-b7746000 r-xp 00000000 08:05 2107439    /lib/i386-linux-gnu/ld-2.19.so
b7746000-b7747000 r--p 0001f000 08:05 2107439    /lib/i386-linux-gnu/ld-2.19.so
b7747000-b7748000 rw-p 00020000 08:05 2107439    /lib/i386-linux-gnu/ld-2.19.so
bff7a000-bff7b000 rwxp 00000000 00:00 0 
bffad000-bffce000 rw-p 00000000 00:00 0          [stack]

VM Arguments:
jvm_args: -agentlib:jdwp=transport=dt_socket,suspend=y,address=localhost:57274 -Dfile.encoding=UTF-8 
java_command: fr.houssam.java8.run.Application
java_class_path (initial): /home/douihech/houssam/Java-8/Java-8-Samples/target/classes:/home/douihech/.m2/repository/com/google/guava/guava/18.0/guava-18.0.jar:/home/douihech/.m2/repository/org/projectlombok/lombok/1.16.4/lombok-1.16.4.jar
Launcher Type: SUN_STANDARD

Environment Variables:
PATH=/usr/local/sbin:/usr/local/bin:/usr/sbin:/usr/bin:/sbin:/bin:/usr/games:/usr/local/games
LD_LIBRARY_PATH=/usr/lib/jvm/java-8-oracle/jre/lib/i386/server:/usr/lib/jvm/java-8-oracle/jre/lib/i386:/usr/lib/jvm/java-8-oracle/jre/../lib/i386:/usr/lib/jvm/java-8-oracle/jre/lib/i386/client:/usr/lib/jvm/java-8-oracle/jre/lib/i386:
SHELL=/bin/bash
DISPLAY=:0.0

Signal Handlers:
SIGSEGV: [libjvm.so+0x8cdc10], sa_mask[0]=11111111011111111101111111111110, sa_flags=SA_RESTART|SA_SIGINFO
SIGBUS: [libjvm.so+0x8cdc10], sa_mask[0]=11111111011111111101111111111110, sa_flags=SA_RESTART|SA_SIGINFO
SIGFPE: [libjvm.so+0x74dbb0], sa_mask[0]=11111111011111111101111111111110, sa_flags=SA_RESTART|SA_SIGINFO
SIGPIPE: [libjvm.so+0x74dbb0], sa_mask[0]=11111111011111111101111111111110, sa_flags=SA_RESTART|SA_SIGINFO
SIGXFSZ: [libjvm.so+0x74dbb0], sa_mask[0]=11111111011111111101111111111110, sa_flags=SA_RESTART|SA_SIGINFO
SIGILL: [libjvm.so+0x74dbb0], sa_mask[0]=11111111011111111101111111111110, sa_flags=SA_RESTART|SA_SIGINFO
SIGUSR1: SIG_DFL, sa_mask[0]=00000000000000000000000000000000, sa_flags=none
SIGUSR2: [libjvm.so+0x74f230], sa_mask[0]=00100000000000000000000000000000, sa_flags=SA_RESTART|SA_SIGINFO
SIGHUP: [libjvm.so+0x7506e0], sa_mask[0]=11111111011111111101111111111110, sa_flags=SA_RESTART|SA_SIGINFO
SIGINT: [libjvm.so+0x7506e0], sa_mask[0]=11111111011111111101111111111110, sa_flags=SA_RESTART|SA_SIGINFO
SIGTERM: [libjvm.so+0x7506e0], sa_mask[0]=11111111011111111101111111111110, sa_flags=SA_RESTART|SA_SIGINFO
SIGQUIT: [libjvm.so+0x7506e0], sa_mask[0]=11111111011111111101111111111110, sa_flags=SA_RESTART|SA_SIGINFO


---------------  S Y S T E M  ---------------

OS:DISTRIB_ID=Ubuntu
DISTRIB_RELEASE=14.04
DISTRIB_CODENAME=trusty
DISTRIB_DESCRIPTION="Ubuntu 14.04.3 LTS"

uname:Linux 3.13.0-76-generic #120-Ubuntu SMP Mon Jan 18 15:58:41 UTC 2016 i686
libc:glibc 2.19 NPTL 2.19 
rlimit: STACK 8192k, CORE 0k, NPROC 32134, NOFILE 4096, AS infinity
load average:0,30 0,40 0,41

/proc/meminfo:
MemTotal:        4132448 kB
MemFree:         1156228 kB
Buffers:          183096 kB
Cached:          1037548 kB
SwapCached:            0 kB
Active:          1812396 kB
Inactive:         881208 kB
Active(anon):    1474780 kB
Inactive(anon):    25028 kB
Active(file):     337616 kB
Inactive(file):   856180 kB
Unevictable:          48 kB
Mlocked:              48 kB
HighTotal:       3277564 kB
HighFree:         928664 kB
LowTotal:         854884 kB
LowFree:          227564 kB
SwapTotal:       4189180 kB
SwapFree:        4189180 kB
Dirty:               108 kB
Writeback:             0 kB
AnonPages:       1473004 kB
Mapped:           263760 kB
Shmem:             26852 kB
Slab:              73812 kB
SReclaimable:      52084 kB
SUnreclaim:        21728 kB
KernelStack:        4624 kB
PageTables:        12904 kB
NFS_Unstable:          0 kB
Bounce:                0 kB
WritebackTmp:          0 kB
CommitLimit:     6255404 kB
Committed_AS:    6073324 kB
VmallocTotal:     122880 kB
VmallocUsed:       28264 kB
VmallocChunk:      37752 kB
HardwareCorrupted:     0 kB
AnonHugePages:    499712 kB
HugePages_Total:       0
HugePages_Free:        0
HugePages_Rsvd:        0
HugePages_Surp:        0
Hugepagesize:       2048 kB
DirectMap4k:       22520 kB
DirectMap2M:      890880 kB


CPU:total 2 (2 cores per cpu, 1 threads per core) family 6 model 23 stepping 10, cmov, cx8, fxsr, mmx, sse, sse2, sse3, ssse3, sse4.1, tsc

/proc/cpuinfo:
processor	: 0
vendor_id	: GenuineIntel
cpu family	: 6
model		: 23
model name	: Intel(R) Core(TM)2 Duo CPU     P8800  @ 2.66GHz
stepping	: 10
microcode	: 0xa07
cpu MHz		: 2134.000
cache size	: 3072 KB
physical id	: 0
siblings	: 2
core id		: 0
cpu cores	: 2
apicid		: 0
initial apicid	: 0
fdiv_bug	: no
f00f_bug	: no
coma_bug	: no
fpu		: yes
fpu_exception	: yes
cpuid level	: 13
wp		: yes
flags		: fpu vme de pse tsc msr pae mce cx8 apic sep mtrr pge mca cmov pat pse36 clflush dts acpi mmx fxsr sse sse2 ss ht tm pbe nx lm constant_tsc arch_perfmon pebs bts aperfmperf pni dtes64 monitor ds_cpl vmx smx est tm2 ssse3 cx16 xtpr pdcm sse4_1 xsave lahf_lm ida dtherm tpr_shadow vnmi flexpriority
bogomips	: 5319.70
clflush size	: 64
cache_alignment	: 64
address sizes	: 36 bits physical, 48 bits virtual
power management:

processor	: 1
vendor_id	: GenuineIntel
cpu family	: 6
model		: 23
model name	: Intel(R) Core(TM)2 Duo CPU     P8800  @ 2.66GHz
stepping	: 10
microcode	: 0xa07
cpu MHz		: 2667.000
cache size	: 3072 KB
physical id	: 0
siblings	: 2
core id		: 1
cpu cores	: 2
apicid		: 1
initial apicid	: 1
fdiv_bug	: no
f00f_bug	: no
coma_bug	: no
fpu		: yes
fpu_exception	: yes
cpuid level	: 13
wp		: yes
flags		: fpu vme de pse tsc msr pae mce cx8 apic sep mtrr pge mca cmov pat pse36 clflush dts acpi mmx fxsr sse sse2 ss ht tm pbe nx lm constant_tsc arch_perfmon pebs bts aperfmperf pni dtes64 monitor ds_cpl vmx smx est tm2 ssse3 cx16 xtpr pdcm sse4_1 xsave lahf_lm ida dtherm tpr_shadow vnmi flexpriority
bogomips	: 5319.70
clflush size	: 64
cache_alignment	: 64
address sizes	: 36 bits physical, 48 bits virtual
power management:



Memory: 4k page, physical 4132448k(1156228k free), swap 4189180k(4189180k free)

vm_info: Java HotSpot(TM) Server VM (25.66-b17) for linux-x86 JRE (1.8.0_66-b17), built on Oct  6 2015 18:06:03 by "java_re" with gcc 4.3.0 20080428 (Red Hat 4.3.0-8)

time: Sun Jan 24 10:35:56 2016
elapsed time: 558 seconds (0d 0h 9m 18s)

