#
# A fatal error has been detected by the Java Runtime Environment:
#
#  SIGSEGV (0xb) at pc=0xb6ded3d6, pid=13815, tid=1687345984
#
# JRE version: Java(TM) SE Runtime Environment (8.0_45-b14) (build 1.8.0_45-b14)
# Java VM: Java HotSpot(TM) Server VM (25.45-b02 mixed mode linux-x86 )
# Problematic frame:
# V  [libjvm.so+0x6df3d6]  Method::checked_resolve_jmethod_id(_jmethodID*)+0x26
#
# Failed to write core dump. Core dumps have been disabled. To enable core dumping, try "ulimit -c unlimited" before starting Java again
#
# If you would like to submit a bug report, please visit:
#   http://bugreport.java.com/bugreport/crash.jsp
#

---------------  T H R E A D  ---------------

Current thread (0x64a3a000):  JavaThread "JDWP Transport Listener: dt_socket" daemon [_thread_in_vm, id=13829, stack(0x648dd000,0x6492e000)]

siginfo: si_signo: 11 (SIGSEGV), si_code: 1 (SEGV_MAPERR), si_addr: 0xdfffff81

Registers:
EAX=0x094b4258, EBX=0xdfffff81, ECX=0x00000000, EDX=0xb6501aa8
ESP=0x6492ced4, EBP=0x6492cee8, ESI=0x6492cf0c, EDI=0x094b4258
EIP=0xb6ded3d6, EFLAGS=0x00010216, CR2=0xdfffff81

Top of Stack: (sp=0x6492ced4)
0x6492ced4:   64a39e00 00000000 b70d14b0 6492cf0c
0x6492cee4:   b70d14b0 6492cf28 b6ca7afc 094b4258
0x6492cef4:   64a3a000 64a3a000 64a3a000 b70d14b0
0x6492cf04:   64a3a000 00000063 64a3a000 00000000
0x6492cf14:   00000000 00000000 b6648170 b6648ac0
0x6492cf24:   6492cf8b 6492cf48 b6639718 b6501aa8
0x6492cf34:   094b4258 6492cf8b b6648170 094b4258
0x6492cf44:   00000000 6492cf98 b66177ca 094b4258 

Instructions: (pc=0xb6ded3d6)
0xb6ded3b6:   04 8b 45 08 85 c0 75 0a 31 db 89 d8 8b 5d fc c9
0xb6ded3c6:   c3 90 8b 18 85 db 74 f0 83 fb 37 74 eb 83 ec 0c
0xb6ded3d6:   8b 03 53 ff 50 08 83 c4 10 84 c0 75 dd eb d9 90
0xb6ded3e6:   8d 76 00 8d bc 27 00 00 00 00 55 89 e5 8b 45 08 

Register to memory mapping:

EAX=0x094b4258 is an unknown value
EBX=0xdfffff81 is an unknown value
ECX=0x00000000 is an unknown value
EDX=0xb6501aa8 is an unknown value
ESP=0x6492ced4 is pointing into the stack for thread: 0x64a3a000
EBP=0x6492cee8 is pointing into the stack for thread: 0x64a3a000
ESI=0x6492cf0c is pointing into the stack for thread: 0x64a3a000
EDI=0x094b4258 is an unknown value


Stack: [0x648dd000,0x6492e000],  sp=0x6492ced4,  free space=319k
Native frames: (J=compiled Java code, j=interpreted, Vv=VM code, C=native code)
V  [libjvm.so+0x6df3d6]  Method::checked_resolve_jmethod_id(_jmethodID*)+0x26
V  [libjvm.so+0x599afc]  jvmti_IsMethodSynthetic+0x29c
C  [libjdwp.so+0x28718]  isMethodSynthetic+0x48
C  [libjdwp.so+0x67ca]  methods1+0x1ba
C  [libjdwp.so+0x128f3]  debugLoop_run+0x303
C  [libjdwp.so+0x274df]  connectionInitiated+0xbf
C  [libjdwp.so+0x27520]  attachThread+0x30
V  [libjvm.so+0x5fbb31]  JvmtiAgentThread::call_start_function()+0xc1
V  [libjvm.so+0x876229]  JavaThread::thread_main_inner()+0x109
V  [libjvm.so+0x8763ab]  JavaThread::run()+0x14b
V  [libjvm.so+0x749049]  java_start(Thread*)+0x119
C  [libpthread.so.0+0x6f70]  start_thread+0xd0
C  [libc.so.6+0xebbee]  clone+0x5e


---------------  P R O C E S S  ---------------

Java Threads: ( => current thread )
  0x64a46400 JavaThread "Service Thread" daemon [_thread_blocked, id=13839, stack(0x646e8000,0x64739000)]
  0x64a41800 JavaThread "C1 CompilerThread1" daemon [_thread_blocked, id=13838, stack(0x64739000,0x647ba000)]
  0x64a3f400 JavaThread "C2 CompilerThread0" daemon [_thread_blocked, id=13836, stack(0x647ba000,0x6483b000)]
  0x09401c00 JavaThread "JDWP Command Reader" daemon [_thread_in_native, id=13833, stack(0x6483b000,0x6488c000)]
  0x64a3d800 JavaThread "JDWP Event Helper Thread" daemon [_thread_blocked, id=13832, stack(0x6488c000,0x648dd000)]
=>0x64a3a000 JavaThread "JDWP Transport Listener: dt_socket" daemon [_thread_in_vm, id=13829, stack(0x648dd000,0x6492e000)]
  0x64a31c00 JavaThread "Signal Dispatcher" daemon [_thread_blocked, id=13827, stack(0x6492e000,0x6497f000)]
  0x64a15400 JavaThread "Finalizer" daemon [_thread_blocked, id=13826, stack(0x64b08000,0x64b59000)]
  0x64a13c00 JavaThread "Reference Handler" daemon [_thread_blocked, id=13825, stack(0x67605000,0x67656000)]
  0xb6508c00 JavaThread "main" [_thread_blocked, id=13817, stack(0xb6677000,0xb66c8000)]

Other Threads:
  0x64a10800 VMThread [stack: 0x6497f000,0x64a00000] [id=13824]
  0x64a4ac00 WatcherThread [stack: 0x64667000,0x646e8000] [id=13840]

VM state:not at safepoint (normal execution)

VM Mutex/Monitor currently owned by a thread: None

Heap:
 PSYoungGen      total 19200K, used 3665K [0x91d80000, 0x932c0000, 0xa6e00000)
  eden space 16640K, 22% used [0x91d80000,0x921145a0,0x92dc0000)
  from space 2560K, 0% used [0x93040000,0x93040000,0x932c0000)
  to   space 2560K, 0% used [0x92dc0000,0x92dc0000,0x93040000)
 ParOldGen       total 43776K, used 0K [0x67c00000, 0x6a6c0000, 0x91d80000)
  object space 43776K, 0% used [0x67c00000,0x67c00000,0x6a6c0000)
 Metaspace       used 3189K, capacity 3405K, committed 3480K, reserved 4400K

Card table byte_map: [0x67a06000,0x67c00000] byte_map_base: 0x676c8000

Marking Bits: (ParMarkBitMap*) 0xb70fe960
 Begin Bits: [0x65570000, 0x66538000)
 End Bits:   [0x66538000, 0x67500000)

Polling page: 0xb7701000

CodeCache: size=245760Kb used=1044Kb max_used=1044Kb free=244715Kb
 bounds [0xa729e000, 0xa74de000, 0xb629e000]
 total_blobs=412 nmethods=259 adapters=77
 compilation: enabled

Compilation events (10 events):
Event: 0,409 Thread 0x64a41800  245       3       java.lang.invoke.MethodType::insertParameterTypes (106 bytes)
Event: 0,419 Thread 0x64a41800 nmethod 245 0xa73a0608 code [0xa73a08a0, 0xa73a1784]
Event: 0,419 Thread 0x64a41800  254       3       java.lang.invoke.LambdaForm$BasicType::basicTypeSlots (8 bytes)
Event: 0,420 Thread 0x64a41800 nmethod 254 0xa73a22c8 code [0xa73a23e0, 0xa73a2580]
Event: 0,420 Thread 0x64a41800  255       3       sun.invoke.util.Wrapper::stackSlots (9 bytes)
Event: 0,420 Thread 0x64a41800 nmethod 255 0xa73a2648 code [0xa73a2760, 0xa73a2840]
Event: 14,127 Thread 0x64a41800  258       3       jdk.internal.org.objectweb.asm.ClassWriter::newClassItem (70 bytes)
Event: 14,128 Thread 0x64a41800 nmethod 258 0xa73a29c8 code [0xa73a2b40, 0xa73a2e48]
Event: 14,128 Thread 0x64a41800  257       3       java.util.Arrays$ArrayList::get (7 bytes)
Event: 14,128 Thread 0x64a41800 nmethod 257 0xa73a3008 code [0xa73a3120, 0xa73a3220]

GC Heap History (0 events):
No events

Deoptimization events (2 events):
Event: 0,367 Thread 0xb6508c00 Uncommon trap: reason=unstable_if action=reinterpret pc=0xa736887c method=java.lang.String.indexOf(II)I @ 17
Event: 0,375 Thread 0xb6508c00 Uncommon trap: reason=null_check action=make_not_entrant pc=0xa7383a58 method=java.lang.String.equals(Ljava/lang/Object;)Z @ 8

Internal exceptions (10 events):
Event: 0,048 Thread 0xb6508c00 Exception <a 'java/lang/NoSuchMethodError': Method sun.misc.Unsafe.defineClass(Ljava/lang/String;[BII)Ljava/lang/Class; name or signature does not match> (0x91d903f8) thrown at [/HUDSON/workspace/8-2-build-linux-i586/jdk8u45/3457/hotspot/src/share/vm/prim
Event: 0,048 Thread 0xb6508c00 Exception <a 'java/lang/NoSuchMethodError': Method sun.misc.Unsafe.prefetchRead(Ljava/lang/Object;J)V name or signature does not match> (0x91d90678) thrown at [/HUDSON/workspace/8-2-build-linux-i586/jdk8u45/3457/hotspot/src/share/vm/prims/jni.cpp, line 39
Event: 0,250 Thread 0xb6508c00 Exception <a 'java/lang/NoSuchFieldError': method resolution failed> (0x91f9b580) thrown at [/HUDSON/workspace/8-2-build-linux-i586/jdk8u45/3457/hotspot/src/share/vm/prims/methodHandles.cpp, line 1125]
Event: 0,265 Thread 0xb6508c00 Exception <a 'java/lang/NoSuchFieldError': method resolution failed> (0x91fa8770) thrown at [/HUDSON/workspace/8-2-build-linux-i586/jdk8u45/3457/hotspot/src/share/vm/prims/methodHandles.cpp, line 1125]
Event: 0,352 Thread 0xb6508c00 Exception <a 'java/lang/NoSuchMethodError': java.lang.Object.lambda$identity$9(Ljava/lang/Object;)Ljava/lang/Object;> (0x92037760) thrown at [/HUDSON/workspace/8-2-build-linux-i586/jdk8u45/3457/hotspot/src/share/vm/interpreter/linkResolver.cpp, line 582]
Event: 0,369 Thread 0xb6508c00 Exception <a 'java/security/PrivilegedActionException'> (0x9205a420) thrown at [/HUDSON/workspace/8-2-build-linux-i586/jdk8u45/3457/hotspot/src/share/vm/prims/jvm.cpp, line 1382]
Event: 0,369 Thread 0xb6508c00 Exception <a 'java/security/PrivilegedActionException'> (0x9205a760) thrown at [/HUDSON/workspace/8-2-build-linux-i586/jdk8u45/3457/hotspot/src/share/vm/prims/jvm.cpp, line 1382]
Event: 0,369 Thread 0xb6508c00 Exception <a 'java/security/PrivilegedActionException'> (0x9205cbc0) thrown at [/HUDSON/workspace/8-2-build-linux-i586/jdk8u45/3457/hotspot/src/share/vm/prims/jvm.cpp, line 1382]
Event: 0,369 Thread 0xb6508c00 Exception <a 'java/security/PrivilegedActionException'> (0x9205cf00) thrown at [/HUDSON/workspace/8-2-build-linux-i586/jdk8u45/3457/hotspot/src/share/vm/prims/jvm.cpp, line 1382]
Event: 0,375 Thread 0xb6508c00 Implicit null exception at 0xa738380e to 0xa7383a49

Events (10 events):
Event: 14,119 Executing VM operation: GetOrSetLocal
Event: 14,119 Executing VM operation: GetOrSetLocal done
Event: 14,120 Executing VM operation: GetOrSetLocal
Event: 14,120 Executing VM operation: GetOrSetLocal done
Event: 14,124 loading class fr/houssam/java8/entity/Person
Event: 14,124 loading class fr/houssam/java8/entity/Person done
Event: 14,124 loading class fr/houssam/java8/entity/Person
Event: 14,124 loading class fr/houssam/java8/entity/Person done
Event: 38,098 Executing VM operation: RedefineClasses
Event: 38,099 Executing VM operation: RedefineClasses done


Dynamic libraries:
08048000-08049000 r-xp 00000000 08:05 7758104    /usr/lib/jvm/java-8-oracle/bin/java
08049000-0804a000 rw-p 00000000 08:05 7758104    /usr/lib/jvm/java-8-oracle/bin/java
09400000-09504000 rw-p 00000000 00:00 0          [heap]
642b0000-64500000 rw-p 00000000 00:00 0 
64500000-64551000 rw-p 00000000 00:00 0 
64551000-64600000 ---p 00000000 00:00 0 
64667000-64668000 ---p 00000000 00:00 0 
64668000-646e8000 rw-p 00000000 00:00 0          [stack:13840]
646e8000-646eb000 ---p 00000000 00:00 0 
646eb000-64739000 rw-p 00000000 00:00 0          [stack:13839]
64739000-6473c000 ---p 00000000 00:00 0 
6473c000-647ba000 rw-p 00000000 00:00 0          [stack:13838]
647ba000-647bd000 ---p 00000000 00:00 0 
647bd000-6483b000 rw-p 00000000 00:00 0          [stack:13836]
6483b000-6483e000 ---p 00000000 00:00 0 
6483e000-6488c000 rw-p 00000000 00:00 0          [stack:13833]
6488c000-6488f000 ---p 00000000 00:00 0 
6488f000-648dd000 rw-p 00000000 00:00 0          [stack:13832]
648dd000-648e0000 ---p 00000000 00:00 0 
648e0000-6492e000 rw-p 00000000 00:00 0          [stack:13829]
6492e000-64931000 ---p 00000000 00:00 0 
64931000-6497f000 rw-p 00000000 00:00 0          [stack:13827]
6497f000-64980000 ---p 00000000 00:00 0 
64980000-64a00000 rw-p 00000000 00:00 0          [stack:13824]
64a00000-64afd000 rw-p 00000000 00:00 0 
64afd000-64b00000 ---p 00000000 00:00 0 
64b08000-64b0b000 ---p 00000000 00:00 0 
64b0b000-64b59000 rw-p 00000000 00:00 0          [stack:13826]
64b59000-64d32000 r--s 03d09000 08:05 7758405    /usr/lib/jvm/java-8-oracle/jre/lib/rt.jar
64d32000-65098000 rw-p 00000000 00:00 0 
65098000-6517e000 ---p 00000000 00:00 0 
6517e000-67500000 rw-p 00000000 00:00 0 
67500000-67521000 rw-p 00000000 00:00 0 
67521000-67600000 ---p 00000000 00:00 0 
67605000-67608000 ---p 00000000 00:00 0 
67608000-67700000 rw-p 00000000 00:00 0          [stack:13825]
67700000-67721000 rw-p 00000000 00:00 0 
67721000-67800000 ---p 00000000 00:00 0 
67834000-67835000 ---p 00000000 00:00 0 
67835000-678cb000 rw-p 00000000 00:00 0          [stack:13823]
678cb000-67a06000 ---p 00000000 00:00 0 
67a06000-67a1c000 rw-p 00000000 00:00 0 
67a1c000-67b56000 ---p 00000000 00:00 0 
67b56000-67b62000 rw-p 00000000 00:00 0 
67b62000-67bff000 ---p 00000000 00:00 0 
67bff000-6a6c0000 rw-p 00000000 00:00 0 
6a6c0000-91d80000 ---p 00000000 00:00 0 
91d80000-932c0000 rw-p 00000000 00:00 0 
932c0000-a6e00000 ---p 00000000 00:00 0 
a6e29000-a6e45000 r--s 00393000 08:05 8016367    /usr/lib/jvm/java-8-oracle/jre/lib/ext/cldrdata.jar
a6e45000-a6e5d000 rw-p 00000000 00:00 0 
a6e5d000-a6e5e000 ---p 00000000 00:00 0 
a6e5e000-a6ee7000 rw-p 00000000 00:00 0          [stack:13822]
a6ee7000-a729e000 ---p 00000000 00:00 0 
a729e000-a74de000 rwxp 00000000 00:00 0 
a74de000-b629e000 ---p 00000000 00:00 0 
b629e000-b62b7000 r-xp 00000000 08:05 7758441    /usr/lib/jvm/java-8-oracle/jre/lib/i386/libzip.so
b62b7000-b62b8000 rw-p 00018000 08:05 7758441    /usr/lib/jvm/java-8-oracle/jre/lib/i386/libzip.so
b62b8000-b62c3000 r-xp 00000000 08:05 2107454    /lib/i386-linux-gnu/libnss_files-2.19.so
b62c3000-b62c4000 r--p 0000a000 08:05 2107454    /lib/i386-linux-gnu/libnss_files-2.19.so
b62c4000-b62c5000 rw-p 0000b000 08:05 2107454    /lib/i386-linux-gnu/libnss_files-2.19.so
b62c5000-b62cf000 r-xp 00000000 08:05 2107440    /lib/i386-linux-gnu/libnss_nis-2.19.so
b62cf000-b62d0000 r--p 00009000 08:05 2107440    /lib/i386-linux-gnu/libnss_nis-2.19.so
b62d0000-b62d1000 rw-p 0000a000 08:05 2107440    /lib/i386-linux-gnu/libnss_nis-2.19.so
b62d1000-b62e6000 r-xp 00000000 08:05 2107441    /lib/i386-linux-gnu/libnsl-2.19.so
b62e6000-b62e7000 r--p 00015000 08:05 2107441    /lib/i386-linux-gnu/libnsl-2.19.so
b62e7000-b62e8000 rw-p 00016000 08:05 2107441    /lib/i386-linux-gnu/libnsl-2.19.so
b62e8000-b62ea000 rw-p 00000000 00:00 0 
b62f2000-b62f5000 rw-p 00000000 00:00 0 
b62f5000-b6300000 r--s 00116000 08:05 8016371    /usr/lib/jvm/java-8-oracle/jre/lib/ext/localedata.jar
b6300000-b6500000 r--p 00000000 08:05 7479508    /usr/lib/locale/locale-archive
b6500000-b65fa000 rw-p 00000000 00:00 0 
b65fa000-b6600000 ---p 00000000 00:00 0 
b6600000-b6608000 rw-s 00000000 08:05 526225     /tmp/hsperfdata_douihech/13815
b6608000-b660f000 r-xp 00000000 08:05 2107446    /lib/i386-linux-gnu/libnss_compat-2.19.so
b660f000-b6610000 r--p 00006000 08:05 2107446    /lib/i386-linux-gnu/libnss_compat-2.19.so
b6610000-b6611000 rw-p 00007000 08:05 2107446    /lib/i386-linux-gnu/libnss_compat-2.19.so
b6611000-b6648000 r-xp 00000000 08:05 7758425    /usr/lib/jvm/java-8-oracle/jre/lib/i386/libjdwp.so
b6648000-b6649000 rw-p 00037000 08:05 7758425    /usr/lib/jvm/java-8-oracle/jre/lib/i386/libjdwp.so
b6649000-b666d000 r-xp 00000000 08:05 7758453    /usr/lib/jvm/java-8-oracle/jre/lib/i386/libjava.so
b666d000-b666e000 rw-p 00023000 08:05 7758453    /usr/lib/jvm/java-8-oracle/jre/lib/i386/libjava.so
b666e000-b6675000 r-xp 00000000 08:05 2107455    /lib/i386-linux-gnu/librt-2.19.so
b6675000-b6676000 r--p 00006000 08:05 2107455    /lib/i386-linux-gnu/librt-2.19.so
b6676000-b6677000 rw-p 00007000 08:05 2107455    /lib/i386-linux-gnu/librt-2.19.so
b6677000-b667a000 ---p 00000000 00:00 0 
b667a000-b66c8000 rw-p 00000000 00:00 0          [stack:13817]
b66c8000-b670c000 r-xp 00000000 08:05 2107445    /lib/i386-linux-gnu/libm-2.19.so
b670c000-b670d000 r--p 00043000 08:05 2107445    /lib/i386-linux-gnu/libm-2.19.so
b670d000-b670e000 rw-p 00044000 08:05 2107445    /lib/i386-linux-gnu/libm-2.19.so
b670e000-b7081000 r-xp 00000000 08:05 8016358    /usr/lib/jvm/java-8-oracle/jre/lib/i386/server/libjvm.so
b7081000-b70ed000 rw-p 00972000 08:05 8016358    /usr/lib/jvm/java-8-oracle/jre/lib/i386/server/libjvm.so
b70ed000-b7513000 rw-p 00000000 00:00 0 
b7513000-b76bb000 r-xp 00000000 08:05 2107437    /lib/i386-linux-gnu/libc-2.19.so
b76bb000-b76bd000 r--p 001a8000 08:05 2107437    /lib/i386-linux-gnu/libc-2.19.so
b76bd000-b76be000 rw-p 001aa000 08:05 2107437    /lib/i386-linux-gnu/libc-2.19.so
b76be000-b76c1000 rw-p 00000000 00:00 0 
b76c1000-b76c4000 r-xp 00000000 08:05 2107438    /lib/i386-linux-gnu/libdl-2.19.so
b76c4000-b76c5000 r--p 00002000 08:05 2107438    /lib/i386-linux-gnu/libdl-2.19.so
b76c5000-b76c6000 rw-p 00003000 08:05 2107438    /lib/i386-linux-gnu/libdl-2.19.so
b76c6000-b76da000 r-xp 00000000 08:05 8277100    /usr/lib/jvm/java-8-oracle/lib/i386/jli/libjli.so
b76da000-b76db000 rw-p 00014000 08:05 8277100    /usr/lib/jvm/java-8-oracle/lib/i386/jli/libjli.so
b76db000-b76f3000 r-xp 00000000 08:05 2107450    /lib/i386-linux-gnu/libpthread-2.19.so
b76f3000-b76f4000 r--p 00018000 08:05 2107450    /lib/i386-linux-gnu/libpthread-2.19.so
b76f4000-b76f5000 rw-p 00019000 08:05 2107450    /lib/i386-linux-gnu/libpthread-2.19.so
b76f5000-b76f8000 rw-p 00000000 00:00 0 
b76f8000-b76fb000 r-xp 00000000 08:05 7758439    /usr/lib/jvm/java-8-oracle/jre/lib/i386/libdt_socket.so
b76fb000-b76fc000 rw-p 00003000 08:05 7758439    /usr/lib/jvm/java-8-oracle/jre/lib/i386/libdt_socket.so
b76fc000-b76fd000 r--p 00859000 08:05 7479508    /usr/lib/locale/locale-archive
b76fd000-b76ff000 r-xp 00000000 08:05 7758428    /usr/lib/jvm/java-8-oracle/jre/lib/i386/libnpt.so
b76ff000-b7700000 rw-p 00001000 08:05 7758428    /usr/lib/jvm/java-8-oracle/jre/lib/i386/libnpt.so
b7700000-b7701000 rw-p 00000000 00:00 0 
b7701000-b7702000 r--p 00000000 00:00 0 
b7702000-b770d000 r-xp 00000000 08:05 7758469    /usr/lib/jvm/java-8-oracle/jre/lib/i386/libverify.so
b770d000-b770e000 rw-p 0000b000 08:05 7758469    /usr/lib/jvm/java-8-oracle/jre/lib/i386/libverify.so
b770e000-b7710000 rw-p 00000000 00:00 0 
b7710000-b7711000 r-xp 00000000 00:00 0          [vdso]
b7711000-b7731000 r-xp 00000000 08:05 2107439    /lib/i386-linux-gnu/ld-2.19.so
b7731000-b7732000 r--p 0001f000 08:05 2107439    /lib/i386-linux-gnu/ld-2.19.so
b7732000-b7733000 rw-p 00020000 08:05 2107439    /lib/i386-linux-gnu/ld-2.19.so
bf92c000-bf92d000 rwxp 00000000 00:00 0 
bf95f000-bf980000 rw-p 00000000 00:00 0          [stack]

VM Arguments:
jvm_args: -agentlib:jdwp=transport=dt_socket,suspend=y,address=localhost:40981 -Dfile.encoding=UTF-8 
java_command: fr.houssam.java8.run.Application
java_class_path (initial): /home/douihech/Java-8/Java-8-Samples/target/classes:/home/douihech/.m2/repository/com/google/guava/guava/18.0/guava-18.0.jar
Launcher Type: SUN_STANDARD

Environment Variables:
PATH=/usr/local/sbin:/usr/local/bin:/usr/sbin:/usr/bin:/sbin:/bin:/usr/games:/usr/local/games
LD_LIBRARY_PATH=/usr/lib/jvm/java-8-oracle/jre/lib/i386/server:/usr/lib/jvm/java-8-oracle/jre/lib/i386:/usr/lib/jvm/java-8-oracle/jre/../lib/i386:/usr/lib/jvm/java-8-oracle/jre/lib/i386/client:/usr/lib/jvm/java-8-oracle/jre/lib/i386:
SHELL=/bin/bash
DISPLAY=:0.0

Signal Handlers:
SIGSEGV: [libjvm.so+0x8c29a0], sa_mask[0]=11111111011111111101111111111110, sa_flags=SA_RESTART|SA_SIGINFO
SIGBUS: [libjvm.so+0x8c29a0], sa_mask[0]=11111111011111111101111111111110, sa_flags=SA_RESTART|SA_SIGINFO
SIGFPE: [libjvm.so+0x7432d0], sa_mask[0]=11111111011111111101111111111110, sa_flags=SA_RESTART|SA_SIGINFO
SIGPIPE: [libjvm.so+0x7432d0], sa_mask[0]=11111111011111111101111111111110, sa_flags=SA_RESTART|SA_SIGINFO
SIGXFSZ: [libjvm.so+0x7432d0], sa_mask[0]=11111111011111111101111111111110, sa_flags=SA_RESTART|SA_SIGINFO
SIGILL: [libjvm.so+0x7432d0], sa_mask[0]=11111111011111111101111111111110, sa_flags=SA_RESTART|SA_SIGINFO
SIGUSR1: SIG_DFL, sa_mask[0]=00000000000000000000000000000000, sa_flags=none
SIGUSR2: [libjvm.so+0x744860], sa_mask[0]=00100000000000000000000000000000, sa_flags=SA_RESTART|SA_SIGINFO
SIGHUP: [libjvm.so+0x745d10], sa_mask[0]=11111111011111111101111111111110, sa_flags=SA_RESTART|SA_SIGINFO
SIGINT: [libjvm.so+0x745d10], sa_mask[0]=11111111011111111101111111111110, sa_flags=SA_RESTART|SA_SIGINFO
SIGTERM: [libjvm.so+0x745d10], sa_mask[0]=11111111011111111101111111111110, sa_flags=SA_RESTART|SA_SIGINFO
SIGQUIT: [libjvm.so+0x745d10], sa_mask[0]=11111111011111111101111111111110, sa_flags=SA_RESTART|SA_SIGINFO


---------------  S Y S T E M  ---------------

OS:DISTRIB_ID=Ubuntu
DISTRIB_RELEASE=14.04
DISTRIB_CODENAME=trusty
DISTRIB_DESCRIPTION="Ubuntu 14.04.2 LTS"

uname:Linux 3.13.0-59-generic #98-Ubuntu SMP Fri Jul 24 21:06:14 UTC 2015 i686
libc:glibc 2.19 NPTL 2.19 
rlimit: STACK 8192k, CORE 0k, NPROC 32134, NOFILE 4096, AS infinity
load average:0,16 0,19 0,27

/proc/meminfo:
MemTotal:        4132456 kB
MemFree:         1805228 kB
Buffers:          129004 kB
Cached:          1159428 kB
SwapCached:            0 kB
Active:          1247436 kB
Inactive:         920896 kB
Active(anon):     882000 kB
Inactive(anon):    35636 kB
Active(file):     365436 kB
Inactive(file):   885260 kB
Unevictable:          48 kB
Mlocked:              48 kB
HighTotal:       3277564 kB
HighFree:        1395612 kB
LowTotal:         854892 kB
LowFree:          409616 kB
SwapTotal:       4189180 kB
SwapFree:        4189180 kB
Dirty:                24 kB
Writeback:             0 kB
AnonPages:        879944 kB
Mapped:           229536 kB
Shmem:             37740 kB
Slab:              56724 kB
SReclaimable:      36516 kB
SUnreclaim:        20208 kB
KernelStack:        3808 kB
PageTables:        10540 kB
NFS_Unstable:          0 kB
Bounce:                0 kB
WritebackTmp:          0 kB
CommitLimit:     6255408 kB
Committed_AS:    4608068 kB
VmallocTotal:     122880 kB
VmallocUsed:       27960 kB
VmallocChunk:      48516 kB
HardwareCorrupted:     0 kB
AnonHugePages:    411648 kB
HugePages_Total:       0
HugePages_Free:        0
HugePages_Rsvd:        0
HugePages_Surp:        0
Hugepagesize:       2048 kB
DirectMap4k:       20472 kB
DirectMap2M:      892928 kB


CPU:total 2 (2 cores per cpu, 1 threads per core) family 6 model 23 stepping 10, cmov, cx8, fxsr, mmx, sse, sse2, sse3, ssse3, sse4.1, tsc

/proc/cpuinfo:
processor	: 0
vendor_id	: GenuineIntel
cpu family	: 6
model		: 23
model name	: Intel(R) Core(TM)2 Duo CPU     P8800  @ 2.66GHz
stepping	: 10
microcode	: 0xa07
cpu MHz		: 2667.000
cache size	: 3072 KB
physical id	: 0
siblings	: 2
core id		: 0
cpu cores	: 2
apicid		: 0
initial apicid	: 0
fdiv_bug	: no
f00f_bug	: no
coma_bug	: no
fpu		: yes
fpu_exception	: yes
cpuid level	: 13
wp		: yes
flags		: fpu vme de pse tsc msr pae mce cx8 apic sep mtrr pge mca cmov pat pse36 clflush dts acpi mmx fxsr sse sse2 ss ht tm pbe nx lm constant_tsc arch_perfmon pebs bts aperfmperf pni dtes64 monitor ds_cpl vmx smx est tm2 ssse3 cx16 xtpr pdcm sse4_1 xsave lahf_lm ida dtherm tpr_shadow vnmi flexpriority
bogomips	: 5319.86
clflush size	: 64
cache_alignment	: 64
address sizes	: 36 bits physical, 48 bits virtual
power management:

processor	: 1
vendor_id	: GenuineIntel
cpu family	: 6
model		: 23
model name	: Intel(R) Core(TM)2 Duo CPU     P8800  @ 2.66GHz
stepping	: 10
microcode	: 0xa07
cpu MHz		: 2668.000
cache size	: 3072 KB
physical id	: 0
siblings	: 2
core id		: 1
cpu cores	: 2
apicid		: 1
initial apicid	: 1
fdiv_bug	: no
f00f_bug	: no
coma_bug	: no
fpu		: yes
fpu_exception	: yes
cpuid level	: 13
wp		: yes
flags		: fpu vme de pse tsc msr pae mce cx8 apic sep mtrr pge mca cmov pat pse36 clflush dts acpi mmx fxsr sse sse2 ss ht tm pbe nx lm constant_tsc arch_perfmon pebs bts aperfmperf pni dtes64 monitor ds_cpl vmx smx est tm2 ssse3 cx16 xtpr pdcm sse4_1 xsave lahf_lm ida dtherm tpr_shadow vnmi flexpriority
bogomips	: 5319.86
clflush size	: 64
cache_alignment	: 64
address sizes	: 36 bits physical, 48 bits virtual
power management:



Memory: 4k page, physical 4132456k(1805072k free), swap 4189180k(4189180k free)

vm_info: Java HotSpot(TM) Server VM (25.45-b02) for linux-x86 JRE (1.8.0_45-b14), built on Apr 10 2015 10:38:30 by "java_re" with gcc 4.3.0 20080428 (Red Hat 4.3.0-8)

time: Sun Aug  2 20:54:35 2015
elapsed time: 38 seconds (0d 0h 0m 38s)

